6.5647 	WARNING 	We strongly recommend you activate the PTB sound engine in PsychoPy prefs as the preferred audio engine. Its timing is vastly superior. Your prefs are currently set to use ['sounddevice', 'PTB', 'pyo', 'pygame'] (in that order).
15.8919 	WARNING 	User requested fullscreen with size [1024  768], but screen is actually [1680, 1050]. Using actual size
18.5316 	WARNING 	Couldn't measure a consistent frame rate!
  - Is your graphics card set to sync to vertical blank?
  - Are you running other processes on your computer?

18.5357 	EXP 	Created window1 = Window(allowGUI=True, allowStencil=False, autoLog=True, backendConf=UNKNOWN, bitsMode=UNKNOWN, blendMode='avg', bpc=(8, 8, 8), color=array([0, 0, 0]), colorSpace='rgb', depthBits=8, fullscr=<method-wrapper '__getattribute__' of attributeSetter object at 0x7ff221e5aa00>, gamma=None, gammaErrorPolicy='raise', lms=UNKNOWN, monitor=<psychopy.monitors.calibTools.Monitor object at 0x7ff1ef4b3a00>, multiSample=False, name='window1', numSamples=2, pos=[420.0, 262.5], screen=0, size=array([3360, 2100]), stencilBits=0, stereo=False, units='height', useFBO=True, useRetina=True, viewOri=0.0, viewPos=None, viewScale=None, waitBlanking=True, winType='pyglet')
18.5360 	EXP 	window1: mouseVisible = True
18.5370 	EXP 	window1: mouseVisible = False
18.5370 	EXP 	window1: Attempting to measure frame rate of screen (0) ...
18.5370 	EXP 	window1: recordFrameIntervals = False
18.7022 	EXP 	window1: recordFrameIntervals = True
18.8039 	WARNING 	t of last frame was 22.10ms (=1/45)
18.8524 	WARNING 	t of last frame was 21.48ms (=1/46)
19.1687 	WARNING 	t of last frame was 23.66ms (=1/42)
19.5356 	WARNING 	t of last frame was 23.69ms (=1/42)
19.6853 	WARNING 	Multiple dropped frames have occurred - I'll stop bothering you about them!
20.3050 	WARNING 	Couldn't measure a consistent frame rate!
  - Is your graphics card set to sync to vertical blank?
  - Are you running other processes on your computer?

24.1351 	EXP 	Created text = TextStim(__class__=<class 'psychopy.visual.text.TextStim'>, alignHoriz=method-wrapper(...), alignText='center', alignVert=method-wrapper(...), anchorHoriz='center', anchorVert='center', antialias=True, autoDraw=False, autoLog=True, bold=False, color=array([1, 1, 1]), colorSpace='rgb', contrast=1.0, depth=0.0, flipHoriz=False, flipVert=False, font='Open Sans', fontFiles=[], height=0.05, italic=False, languageStyle='LTR', name='text', opacity=1.0, ori=0.0, pos=array([0., 0.]), rgb=UNKNOWN, text=str(...), units='height', win=Window(...), wrapWidth=1)
24.1602 	EXP 	Created text_2 = TextStim(__class__=<class 'psychopy.visual.text.TextStim'>, alignHoriz=method-wrapper(...), alignText='center', alignVert=method-wrapper(...), anchorHoriz='center', anchorVert='center', antialias=True, autoDraw=False, autoLog=True, bold=False, color=array([1, 1, 1]), colorSpace='rgb', contrast=1.0, depth=0.0, flipHoriz=False, flipVert=False, font='Open Sans', fontFiles=[], height=0.05, italic=False, languageStyle='LTR', name='text_2', opacity=1.0, ori=0.0, pos=array([0., 0.]), rgb=UNKNOWN, text=str(...), units='height', win=Window(...), wrapWidth=1)
24.1641 	EXP 	Created exit_TEXT = TextStim(__class__=<class 'psychopy.visual.text.TextStim'>, alignHoriz=method-wrapper(...), alignText='center', alignVert=method-wrapper(...), anchorHoriz='center', anchorVert='center', antialias=True, autoDraw=False, autoLog=True, bold=False, color=array([1, 1, 1]), colorSpace='rgb', contrast=1.0, depth=0.0, flipHoriz=False, flipVert=False, font='Open Sans', fontFiles=[], height=0.05, italic=False, languageStyle='LTR', name='exit_TEXT', opacity=1.0, ori=0.0, pos=array([0.  , 0.45]), rgb=UNKNOWN, text=str(...), units='height', win=Window(...), wrapWidth=1)
24.2306 	EXP 	Created image1 = ImageStim(__class__=<class 'psychopy.visual.image.ImageStim'>, anchor=('center', 'center'), autoLog=True, color=array([1, 1, 1]), colorSpace='rgb', contrast=1.0, depth=-2.0, flipHoriz=False, flipVert=False, image='images_RO_NU/Landmark1.png', interpolate=True, mask=None, maskParams=None, name='image1', opacity=1.0, ori=0.0, pos=array([-0.5,  0.3]), size=array([0.2, 0.2]), texRes=128.0, units='height', win=Window(...))
24.2712 	EXP 	Created image2 = ImageStim(__class__=<class 'psychopy.visual.image.ImageStim'>, anchor=('center', 'center'), autoLog=True, color=array([1, 1, 1]), colorSpace='rgb', contrast=1.0, depth=-4.0, flipHoriz=False, flipVert=False, image='images_RO_NU/Landmark2.png', interpolate=True, mask=None, maskParams=None, name='image2', opacity=1.0, ori=0.0, pos=array([-0.25,  0.3 ]), size=array([0.2, 0.2]), texRes=128.0, units='height', win=Window(...))
24.3045 	EXP 	Created image3 = ImageStim(__class__=<class 'psychopy.visual.image.ImageStim'>, anchor=('center', 'center'), autoLog=True, color=array([1, 1, 1]), colorSpace='rgb', contrast=1.0, depth=-6.0, flipHoriz=False, flipVert=False, image='images_RO_NU/Landmark3.png', interpolate=True, mask=None, maskParams=None, name='image3', opacity=1.0, ori=0.0, pos=array([0. , 0.3]), size=array([0.2, 0.2]), texRes=128.0, units='height', win=Window(...))
24.3404 	EXP 	Created image4 = ImageStim(__class__=<class 'psychopy.visual.image.ImageStim'>, anchor=('center', 'center'), autoLog=True, color=array([1, 1, 1]), colorSpace='rgb', contrast=1.0, depth=-8.0, flipHoriz=False, flipVert=False, image='images_RO_NU/Landmark4.png', interpolate=True, mask=None, maskParams=None, name='image4', opacity=1.0, ori=0.0, pos=array([0.25, 0.3 ]), size=array([0.2, 0.2]), texRes=128.0, units='height', win=Window(...))
24.3754 	EXP 	Created image5 = ImageStim(__class__=<class 'psychopy.visual.image.ImageStim'>, anchor=('center', 'center'), autoLog=True, color=array([1, 1, 1]), colorSpace='rgb', contrast=1.0, depth=-10.0, flipHoriz=False, flipVert=False, image='images_RO_NU/Landmark5.png', interpolate=True, mask=None, maskParams=None, name='image5', opacity=1.0, ori=0.0, pos=array([0.5, 0.3]), size=array([0.2, 0.2]), texRes=128.0, units='height', win=Window(...))
24.4117 	EXP 	Created image6 = ImageStim(__class__=<class 'psychopy.visual.image.ImageStim'>, anchor=('center', 'center'), autoLog=True, color=array([1, 1, 1]), colorSpace='rgb', contrast=1.0, depth=-12.0, flipHoriz=False, flipVert=False, image='images_RO_NU/Landmark6.png', interpolate=True, mask=None, maskParams=None, name='image6', opacity=1.0, ori=0.0, pos=array([-0.5,  0. ]), size=array([0.2, 0.2]), texRes=128.0, units='height', win=Window(...))
24.4458 	EXP 	Created image7 = ImageStim(__class__=<class 'psychopy.visual.image.ImageStim'>, anchor=('center', 'center'), autoLog=True, color=array([1, 1, 1]), colorSpace='rgb', contrast=1.0, depth=-14.0, flipHoriz=False, flipVert=False, image='images_RO_NU/Landmark7.png', interpolate=True, mask=None, maskParams=None, name='image7', opacity=1.0, ori=0.0, pos=array([-0.25,  0.  ]), size=array([0.2, 0.2]), texRes=128.0, units='height', win=Window(...))
24.4811 	EXP 	Created image8 = ImageStim(__class__=<class 'psychopy.visual.image.ImageStim'>, anchor=('center', 'center'), autoLog=True, color=array([1, 1, 1]), colorSpace='rgb', contrast=1.0, depth=-16.0, flipHoriz=False, flipVert=False, image='images_RO_NU/Landmark8.png', interpolate=True, mask=None, maskParams=None, name='image8', opacity=1.0, ori=0.0, pos=array([0., 0.]), size=array([0.2, 0.2]), texRes=128.0, units='height', win=Window(...))
24.5168 	EXP 	Created image9 = ImageStim(__class__=<class 'psychopy.visual.image.ImageStim'>, anchor=('center', 'center'), autoLog=True, color=array([1, 1, 1]), colorSpace='rgb', contrast=1.0, depth=-18.0, flipHoriz=False, flipVert=False, image='images_RO_NU/Landmark9.png', interpolate=True, mask=None, maskParams=None, name='image9', opacity=1.0, ori=0.0, pos=array([0.25, 0.  ]), size=array([0.2, 0.2]), texRes=128.0, units='height', win=Window(...))
24.5508 	EXP 	Created image10 = ImageStim(__class__=<class 'psychopy.visual.image.ImageStim'>, anchor=('center', 'center'), autoLog=True, color=array([1, 1, 1]), colorSpace='rgb', contrast=1.0, depth=-20.0, flipHoriz=False, flipVert=False, image='images_RO_NU/Landmark10.png', interpolate=True, mask=None, maskParams=None, name='image10', opacity=1.0, ori=0.0, pos=array([0.5, 0. ]), size=array([0.2, 0.2]), texRes=128.0, units='height', win=Window(...))
24.5853 	EXP 	Created image11 = ImageStim(__class__=<class 'psychopy.visual.image.ImageStim'>, anchor=('center', 'center'), autoLog=True, color=array([1, 1, 1]), colorSpace='rgb', contrast=1.0, depth=-22.0, flipHoriz=False, flipVert=False, image='images_RO_NU/Landmark11.png', interpolate=True, mask=None, maskParams=None, name='image11', opacity=1.0, ori=0.0, pos=array([-0.5, -0.3]), size=array([0.2, 0.2]), texRes=128.0, units='height', win=Window(...))
24.6209 	EXP 	Created image12 = ImageStim(__class__=<class 'psychopy.visual.image.ImageStim'>, anchor=('center', 'center'), autoLog=True, color=array([1, 1, 1]), colorSpace='rgb', contrast=1.0, depth=-24.0, flipHoriz=False, flipVert=False, image='images_RO_NU/Landmark12.png', interpolate=True, mask=None, maskParams=None, name='image12', opacity=1.0, ori=0.0, pos=array([-0.25, -0.3 ]), size=array([0.2, 0.2]), texRes=128.0, units='height', win=Window(...))
24.6567 	EXP 	Created image13 = ImageStim(__class__=<class 'psychopy.visual.image.ImageStim'>, anchor=('center', 'center'), autoLog=True, color=array([1, 1, 1]), colorSpace='rgb', contrast=1.0, depth=-26.0, flipHoriz=False, flipVert=False, image='images_RO_NU/Landmark13.png', interpolate=True, mask=None, maskParams=None, name='image13', opacity=1.0, ori=0.0, pos=array([ 0. , -0.3]), size=array([0.2, 0.2]), texRes=128.0, units='height', win=Window(...))
24.6919 	EXP 	Created image14 = ImageStim(__class__=<class 'psychopy.visual.image.ImageStim'>, anchor=('center', 'center'), autoLog=True, color=array([1, 1, 1]), colorSpace='rgb', contrast=1.0, depth=-28.0, flipHoriz=False, flipVert=False, image='images_RO_NU/Landmark14.png', interpolate=True, mask=None, maskParams=None, name='image14', opacity=1.0, ori=0.0, pos=array([ 0.25, -0.3 ]), size=array([0.2, 0.2]), texRes=128.0, units='height', win=Window(...))
24.7042 	EXP 	Created text_3 = TextStim(__class__=<class 'psychopy.visual.text.TextStim'>, alignHoriz=method-wrapper(...), alignText='center', alignVert=method-wrapper(...), anchorHoriz='center', anchorVert='center', antialias=True, autoDraw=False, autoLog=True, bold=False, color=array([1, 1, 1]), colorSpace='rgb', contrast=1.0, depth=0.0, flipHoriz=False, flipVert=False, font='Open Sans', fontFiles=[], height=0.05, italic=False, languageStyle='LTR', name='text_3', opacity=1.0, ori=0.0, pos=array([0., 0.]), rgb=UNKNOWN, text=str(...), units='height', win=Window(...), wrapWidth=1)
24.7276 	EXP 	textbox1: autoLog = True
24.7276 	EXP 	textbox2: autoLog = True
24.7276 	EXP 	textbox3: autoLog = True
24.7276 	EXP 	textbox4: autoLog = True
24.7276 	EXP 	textbox5: autoLog = True
24.7276 	EXP 	textbox6: autoLog = True
24.7276 	EXP 	textbox7: autoLog = True
24.7276 	EXP 	textbox8: autoLog = True
24.7276 	EXP 	textbox9: autoLog = True
24.7276 	EXP 	textbox10: autoLog = True
24.7276 	EXP 	textbox11: autoLog = True
24.7276 	EXP 	textbox12: autoLog = True
24.7276 	EXP 	textbox13: autoLog = True
24.7276 	EXP 	textbox14: autoLog = True
24.7276 	EXP 	text: autoDraw = True
28.7278 	EXP 	text: autoDraw = False
28.7278 	EXP 	text_2: autoDraw = True
30.0862 	DATA 	Keypress: space
30.1208 	EXP 	text_2: autoDraw = False
30.1208 	EXP 	exit_TEXT: autoDraw = True
30.1208 	EXP 	image1: autoDraw = True
30.1208 	EXP 	textbox1: autoDraw = True
30.1208 	EXP 	image2: autoDraw = True
30.1208 	EXP 	textbox2: autoDraw = True
30.1208 	EXP 	image3: autoDraw = True
30.1208 	EXP 	textbox3: autoDraw = True
30.1208 	EXP 	image4: autoDraw = True
30.1208 	EXP 	textbox4: autoDraw = True
30.1208 	EXP 	image5: autoDraw = True
30.1208 	EXP 	textbox5: autoDraw = True
30.1208 	EXP 	image6: autoDraw = True
30.1208 	EXP 	textbox6: autoDraw = True
30.1208 	EXP 	image7: autoDraw = True
30.1208 	EXP 	textbox7: autoDraw = True
30.1208 	EXP 	image8: autoDraw = True
30.1208 	EXP 	textbox8: autoDraw = True
30.1208 	EXP 	image9: autoDraw = True
30.1208 	EXP 	textbox9: autoDraw = True
30.1208 	EXP 	image10: autoDraw = True
30.1208 	EXP 	textbox10: autoDraw = True
30.1208 	EXP 	image11: autoDraw = True
30.1208 	EXP 	textbox11: autoDraw = True
30.1208 	EXP 	image12: autoDraw = True
30.1208 	EXP 	textbox12: autoDraw = True
30.1208 	EXP 	image13: autoDraw = True
30.1208 	EXP 	textbox13: autoDraw = True
30.1208 	EXP 	image14: autoDraw = True
30.1208 	EXP 	textbox14: autoDraw = True
36.0004 	DATA 	Keypress: space
36.5080 	DATA 	Keypress: space
37.0476 	DATA 	Keypress: backspace
37.2418 	DATA 	Keypress: backspace
37.3992 	DATA 	Keypress: backspace
37.9261 	DATA 	Keypress: return
37.9395 	EXP 	exit_TEXT: autoDraw = False
37.9395 	EXP 	image1: autoDraw = False
37.9395 	EXP 	textbox1: autoDraw = False
37.9395 	EXP 	image2: autoDraw = False
37.9395 	EXP 	textbox2: autoDraw = False
37.9395 	EXP 	image3: autoDraw = False
37.9395 	EXP 	textbox3: autoDraw = False
37.9395 	EXP 	image4: autoDraw = False
37.9395 	EXP 	textbox4: autoDraw = False
37.9395 	EXP 	image5: autoDraw = False
37.9395 	EXP 	textbox5: autoDraw = False
37.9395 	EXP 	image6: autoDraw = False
37.9395 	EXP 	textbox6: autoDraw = False
37.9395 	EXP 	image7: autoDraw = False
37.9395 	EXP 	textbox7: autoDraw = False
37.9395 	EXP 	image8: autoDraw = False
37.9395 	EXP 	textbox8: autoDraw = False
37.9395 	EXP 	image9: autoDraw = False
37.9395 	EXP 	textbox9: autoDraw = False
37.9395 	EXP 	image10: autoDraw = False
37.9395 	EXP 	textbox10: autoDraw = False
37.9395 	EXP 	image11: autoDraw = False
37.9395 	EXP 	textbox11: autoDraw = False
37.9395 	EXP 	image12: autoDraw = False
37.9395 	EXP 	textbox12: autoDraw = False
37.9395 	EXP 	image13: autoDraw = False
37.9395 	EXP 	textbox13: autoDraw = False
37.9395 	EXP 	image14: autoDraw = False
37.9395 	EXP 	textbox14: autoDraw = False
37.9395 	EXP 	text_3: autoDraw = True
41.9529 	EXP 	text_3: autoDraw = False
42.5031 	EXP 	window1: mouseVisible = True
